<?xml version="1.0" encoding="UTF-8"?>
<testng-results ignored="10" total="11" passed="1" failed="0" skipped="0">
  <reporter-output>
    <line>
      <![CDATA[====Browser Session Started====]]>
    </line>
    <line>
      <![CDATA[====Application Started====]]>
    </line>
    <line>
      <![CDATA[====Browser Session Ended====]]>
    </line>
  </reporter-output>
  <suite started-at="2020-05-20T18:02:17 ICT" name="Default suite" finished-at="2020-05-20T18:02:25 ICT" duration-ms="8603">
    <groups>
    </groups>
    <test started-at="2020-05-20T18:02:17 ICT" name="Default test" finished-at="2020-05-20T18:02:25 ICT" duration-ms="8603">
      <class name="testcases.Testcases">
        <test-method is-config="true" signature="setupApplication()[pri:0, instance:testcases.Testcases@a3d8174]" started-at="2020-05-20T18:02:17 ICT" name="setupApplication" finished-at="2020-05-20T18:02:24 ICT" duration-ms="7376" status="PASS">
          <reporter-output>
            <line>
              <![CDATA[====Browser Session Started====]]>
            </line>
            <line>
              <![CDATA[====Application Started====]]>
            </line>
          </reporter-output>
        </test-method> <!-- setupApplication -->
        <test-method signature="day13()[pri:13, instance:testcases.Testcases@a3d8174]" started-at="2020-05-20T18:02:24 ICT" name="day13" description="Day 13" finished-at="2020-05-20T18:02:25 ICT" duration-ms="479" status="PASS">
          <reporter-output>
          </reporter-output>
        </test-method> <!-- day13 -->
        <test-method is-config="true" signature="closeApplication()[pri:0, instance:testcases.Testcases@a3d8174]" started-at="2020-05-20T18:02:25 ICT" name="closeApplication" finished-at="2020-05-20T18:02:25 ICT" duration-ms="716" status="PASS">
          <reporter-output>
            <line>
              <![CDATA[====Browser Session Ended====]]>
            </line>
          </reporter-output>
        </test-method> <!-- closeApplication -->
      </class> <!-- testcases.Testcases -->
    </test> <!-- Default test -->
  </suite> <!-- Default suite -->
</testng-results>
