<?xml version="1.0" encoding="UTF-8"?>
<!-- Generated by org.testng.reporters.JUnitXMLReporter -->
<testsuite ignored="10" hostname="PRECISION-7710" failures="0" tests="1" name="Default test" time="5.709" errors="0" timestamp="2020-05-21T00:04:05 ICT">
  <testcase classname="testcases.Testcases" name="day13" time="0.555"/>
  <testcase classname="testcases.Testcases" name="day3" time="0.0">
    <ignored/>
  </testcase> <!-- day3 -->
  <testcase classname="testcases.Testcases" name="day1" time="0.0">
    <ignored/>
  </testcase> <!-- day1 -->
  <testcase classname="testcases.Testcases" name="day2" time="0.0">
    <ignored/>
  </testcase> <!-- day2 -->
  <testcase classname="testcases.Testcases" name="day7" time="0.0">
    <ignored/>
  </testcase> <!-- day7 -->
  <testcase classname="testcases.Testcases" name="day10" time="0.0">
    <ignored/>
  </testcase> <!-- day10 -->
  <testcase classname="testcases.Testcases" name="day5" time="0.0">
    <ignored/>
  </testcase> <!-- day5 -->
  <testcase classname="testcases.Testcases" name="day6" time="0.0">
    <ignored/>
  </testcase> <!-- day6 -->
  <testcase classname="testcases.Testcases" name="day4" time="0.0">
    <ignored/>
  </testcase> <!-- day4 -->
  <testcase classname="testcases.Testcases" name="day9" time="0.0">
    <ignored/>
  </testcase> <!-- day9 -->
  <testcase classname="testcases.Testcases" name="day8" time="0.0">
    <ignored/>
  </testcase> <!-- day8 -->
</testsuite> <!-- Default test -->
